<?xml version="1.0" encoding="UTF-8"?>
<!-- Generated by org.testng.reporters.JUnitReportReporter -->
<testsuite skipped="0" hostname="DESKTOP-T1TKO85" name="com.test.HomeLoan" tests="1" failures="0" timestamp="26 Jun 2021 15:30:54 GMT" time="0.016" errors="0">
  <testcase name="webapihomeloan" time="0.016" classname="com.test.HomeLoan"/>
</testsuite> <!-- com.test.HomeLoan -->
