<?xml version="1.0" encoding="UTF-8"?>
<!-- Generated by org.testng.reporters.JUnitReportReporter -->
<testsuite skipped="1" hostname="DESKTOP-T1TKO85" name="com.test.PersonalLoan" tests="3" failures="0" timestamp="20 Sep 2021 12:57:25 GMT" time="0.017" errors="0">
  <testcase name="webLoginPersonalLoan" time="0.000" classname="com.test.PersonalLoan"/>
  <testcase name="givePayslip" time="0.017" classname="com.test.PersonalLoan"/>
  <testcase name="givePersonalDetails" classname="com.test.PersonalLoan">
    <skipped/>
  </testcase> <!-- givePersonalDetails -->
</testsuite> <!-- com.test.PersonalLoan -->
