<?xml version="1.0" encoding="UTF-8"?>
<!-- Generated by org.testng.reporters.JUnitReportReporter -->
<testsuite hostname="DESKTOP-LFL4UKQ" failures="0" tests="2" name="com.hyr.test.BasicTest3" time="0.016" errors="0" timestamp="2022-07-24T17:47:23 IST" skipped="0">
  <testcase classname="com.hyr.test.BasicTest3" name="login_test" time="0.003"/>
  <system-out/>
  <testcase classname="com.hyr.test.BasicTest3" name="login_test" time="0.013"/>
  <system-out/>
</testsuite> <!-- com.hyr.test.BasicTest3 -->
