<?xml version="1.0" encoding="UTF-8"?>
<!-- Generated by org.testng.reporters.JUnitReportReporter -->
<testsuite hostname="DESKTOP-LFL4UKQ" failures="0" tests="4" name="com.hyr.paralleltest.TestClass1" time="0.036" errors="0" timestamp="2022-07-25T17:39:50 IST" skipped="0">
  <testcase classname="com.hyr.paralleltest.TestClass1" name="testMethod2" time="0.014"/>
  <system-out/>
  <testcase classname="com.hyr.paralleltest.TestClass1" name="testMethod3" time="0.003"/>
  <system-out/>
  <testcase classname="com.hyr.paralleltest.TestClass1" name="testMethod4" time="0.005"/>
  <system-out/>
  <testcase classname="com.hyr.paralleltest.TestClass1" name="testMethod1" time="0.014"/>
  <system-out/>
</testsuite> <!-- com.hyr.paralleltest.TestClass1 -->
