<?xml version="1.0" encoding="UTF-8"?>
<!-- Generated by org.testng.reporters.JUnitReportReporter -->
<testsuite hostname="DESKTOP-LFL4UKQ" failures="0" tests="5" name="com.hyr.test.DataProviderReturnTypeCheck" time="0.019" errors="0" timestamp="2022-07-24T11:08:14 IST" skipped="2">
  <testcase classname="com.hyr.test.DataProviderReturnTypeCheck" name="login_test" time="0.011"/>
  <system-out/>
  <testcase classname="com.hyr.test.DataProviderReturnTypeCheck" name="login_test" time="0.005"/>
  <system-out/>
  <testcase classname="com.hyr.test.DataProviderReturnTypeCheck" name="login_test" time="0.003"/>
  <system-out/>
  <testcase classname="com.hyr.test.DataProviderReturnTypeCheck" name="login_test">
    <skipped/>
  </testcase> <!-- login_test -->
  <system-out/>
  <testcase classname="com.hyr.test.DataProviderReturnTypeCheck" name="login_test">
    <skipped/>
  </testcase> <!-- login_test -->
  <system-out/>
</testsuite> <!-- com.hyr.test.DataProviderReturnTypeCheck -->
