<?xml version="1.0" encoding="UTF-8"?>
<!-- Generated by org.testng.reporters.JUnitReportReporter -->
<testsuite hostname="DESKTOP-LFL4UKQ" failures="0" tests="3" name="com.hyr.test.BasicTest4" time="0.017" errors="0" timestamp="2022-07-24T18:23:01 IST" skipped="0">
  <testcase classname="com.hyr.test.BasicTest4" name="login_test" time="0.003"/>
  <system-out/>
  <testcase classname="com.hyr.test.BasicTest4" name="login_test" time="0.005"/>
  <system-out/>
  <testcase classname="com.hyr.test.BasicTest4" name="login_test" time="0.009"/>
  <system-out/>
</testsuite> <!-- com.hyr.test.BasicTest4 -->
