<?xml version="1.0" encoding="UTF-8"?>
<!-- Generated by org.testng.reporters.JUnitReportReporter -->
<testsuite hostname="DESKTOP-T1TKO85" failures="0" tests="2" name="com.test.BasicTestNGAnnotations" time="0.016" errors="0" timestamp="2022-02-19T20:52:59 IST" skipped="0">
  <testcase classname="com.test.BasicTestNGAnnotations" name="test1" time="0.014"/>
  <system-out/>
  <testcase classname="com.test.BasicTestNGAnnotations" name="abc" time="0.002"/>
  <system-out/>
</testsuite> <!-- com.test.BasicTestNGAnnotations -->
