<?xml version="1.0" encoding="UTF-8"?>
<!-- Generated by org.testng.reporters.JUnitReportReporter -->
<testsuite skipped="1" hostname="DESKTOP-T1TKO85" name="com.test.DataProviderTest" tests="5" failures="0" timestamp="29 Jun 2021 13:56:55 GMT" time="0.024" errors="0">
  <testcase name="test1" time="0.003" classname="com.test.DataProviderTest"/>
  <testcase name="test1" time="0.002" classname="com.test.DataProviderTest"/>
  <testcase name="test1" time="0.002" classname="com.test.DataProviderTest"/>
  <testcase name="test1" time="0.017" classname="com.test.DataProviderTest"/>
  <testcase name="test" classname="com.test.DataProviderTest">
    <skipped/>
  </testcase> <!-- test -->
</testsuite> <!-- com.test.DataProviderTest -->
