<?xml version="1.0" encoding="UTF-8"?>
<!-- Generated by org.testng.reporters.JUnitReportReporter -->
<testsuite skipped="0" hostname="DESKTOP-T1TKO85" name="com.test.DataProviderChecking" tests="7" failures="0" timestamp="29 Jun 2021 15:25:20 GMT" time="0.064" errors="0">
  <testcase name="test" time="0.003" classname="com.test.DataProviderChecking"/>
  <testcase name="test1" time="0.012" classname="com.test.DataProviderChecking"/>
  <testcase name="test" time="0.003" classname="com.test.DataProviderChecking"/>
  <testcase name="test1" time="0.013" classname="com.test.DataProviderChecking"/>
  <testcase name="test1" time="0.009" classname="com.test.DataProviderChecking"/>
  <testcase name="test1" time="0.006" classname="com.test.DataProviderChecking"/>
  <testcase name="test" time="0.018" classname="com.test.DataProviderChecking"/>
</testsuite> <!-- com.test.DataProviderChecking -->
