<?xml version="1.0" encoding="UTF-8"?>
<!-- Generated by org.testng.reporters.JUnitReportReporter -->
<testsuite hostname="DESKTOP-T1TKO85" failures="0" tests="2" name="com.test.MyTests" time="0.032" errors="0" timestamp="2022-02-26T11:02:09 IST" skipped="0">
  <testcase classname="com.test.MyTests" name="btest1" time="0.030"/>
  <system-out/>
  <testcase classname="com.test.MyTests" name="atest2" time="0.002"/>
  <system-out/>
</testsuite> <!-- com.test.MyTests -->
