<?xml version="1.0" encoding="UTF-8"?>
<!-- Generated by org.testng.reporters.JUnitReportReporter -->
<testsuite skipped="0" hostname="DESKTOP-T1TKO85" name="com.test.DataProviderTestApp" tests="2" failures="0" timestamp="29 Jun 2021 14:37:01 GMT" time="28.283" errors="0">
  <testcase name="givedata" time="14.703" classname="com.test.DataProviderTestApp"/>
  <testcase name="givedata" time="13.580" classname="com.test.DataProviderTestApp"/>
</testsuite> <!-- com.test.DataProviderTestApp -->
