<?xml version="1.0" encoding="UTF-8"?>
<!-- Generated by org.testng.reporters.JUnitReportReporter -->
<testsuite hostname="DESKTOP-LFL4UKQ" failures="0" tests="3" name="com.hyr.paralleltest.TestClass2" time="0.014" errors="0" timestamp="2022-07-25T17:39:50 IST" skipped="0">
  <testcase classname="com.hyr.paralleltest.TestClass2" name="testMethod5" time="0.005"/>
  <system-out/>
  <testcase classname="com.hyr.paralleltest.TestClass2" name="testMethod7" time="0.005"/>
  <system-out/>
  <testcase classname="com.hyr.paralleltest.TestClass2" name="testMethod6" time="0.004"/>
  <system-out/>
</testsuite> <!-- com.hyr.paralleltest.TestClass2 -->
