<?xml version="1.0" encoding="UTF-8"?>
<!-- Generated by org.testng.reporters.JUnitReportReporter -->
<testsuite hostname="DESKTOP-LFL4UKQ" failures="0" tests="4" name="com.hyr.paralleltest.TestClass3" time="0.007" errors="0" timestamp="2022-07-25T17:39:50 IST" skipped="0">
  <testcase classname="com.hyr.paralleltest.TestClass3" name="testMethod11" time="0.002"/>
  <system-out/>
  <testcase classname="com.hyr.paralleltest.TestClass3" name="testMethod10" time="0.002"/>
  <system-out/>
  <testcase classname="com.hyr.paralleltest.TestClass3" name="testMethod9" time="0.002"/>
  <system-out/>
  <testcase classname="com.hyr.paralleltest.TestClass3" name="testMethod8" time="0.001"/>
  <system-out/>
</testsuite> <!-- com.hyr.paralleltest.TestClass3 -->
