<?xml version="1.0" encoding="UTF-8"?>
<!-- Generated by org.testng.reporters.JUnitReportReporter -->
<testsuite skipped="0" hostname="DESKTOP-T1TKO85" name="com.test.ParameterTest" tests="1" failures="0" timestamp="29 Jun 2021 16:01:27 GMT" time="24.881" errors="0">
  <testcase name="yahoologinTest" time="24.881" classname="com.test.ParameterTest"/>
</testsuite> <!-- com.test.ParameterTest -->
