<?xml version="1.0" encoding="UTF-8"?>
<!-- Generated by org.testng.reporters.JUnitReportReporter -->
<testsuite hostname="DESKTOP-LFL4UKQ" failures="0" tests="2" name="com.test.AsserVerifyCheck" time="39.597" errors="0" timestamp="2022-06-25T19:53:03 IST" skipped="0">
  <testcase classname="com.test.AsserVerifyCheck" name="googletitleTest" time="6.352"/>
  <system-out/>
  <testcase classname="com.test.AsserVerifyCheck" name="googletitleTest2" time="33.245"/>
  <system-out/>
</testsuite> <!-- com.test.AsserVerifyCheck -->
