<?xml version="1.0" encoding="UTF-8"?>
<!-- Generated by org.testng.reporters.JUnitReportReporter -->
<testsuite hostname="DESKTOP-LFL4UKQ" failures="0" tests="1" name="com.hyr.test.AttributeTest" time="16.493" errors="0" timestamp="2022-07-25T15:32:27 IST" skipped="0">
  <testcase classname="com.hyr.test.AttributeTest" name="test2" time="16.493"/>
  <system-out/>
</testsuite> <!-- com.hyr.test.AttributeTest -->
