<?xml version="1.0" encoding="UTF-8"?>
<!-- Generated by org.testng.reporters.JUnitReportReporter -->
<testsuite skipped="1" hostname="DESKTOP-T1TKO85" name="com.test.EnableParameterTest" tests="2" failures="0" timestamp="14 Jun 2021 15:10:39 GMT" time="0.016" errors="0">
  <testcase name="test2" time="0.016" classname="com.test.EnableParameterTest"/>
  <testcase name="test1" classname="com.test.EnableParameterTest">
    <skipped/>
  </testcase> <!-- test1 -->
</testsuite> <!-- com.test.EnableParameterTest -->
